<?xml version="1.0" encoding="utf-8"?><testsuites name="pytest tests"><testsuite name="pytest" errors="0" failures="0" skipped="0" tests="23" time="20.003" timestamp="2025-09-03T11:36:13.584783+05:30" hostname="imabul"><testcase classname="tests.test_app" name="test_app_imports_without_errors" time="0.051" /><testcase classname="tests.test_app" name="test_chat_flow_triggers_effort_analysis" time="0.016" /><testcase classname="tests.test_app" name="test_file_upload_creates_file" time="1.036" /><testcase classname="tests.test_data_fetching" name="test_data_fetching_success" time="0.010" /><testcase classname="tests.test_data_fetching" name="test_data_fetching_failure" time="0.007" /><testcase classname="tests.test_data_ingestion" name="test_initiate_data_ingestion_success" time="0.008" /><testcase classname="tests.test_data_ingestion" name="test_initiate_data_ingestion_file_not_found" time="0.033" /><testcase classname="tests.test_effort_tracker" name="test_effort_tracking_init" time="0.006" /><testcase classname="tests.test_effort_tracker" name="test_effort_analysis_runs" time="0.412" /><testcase classname="tests.test_llm_initialize" name="test_initialize_llm_model_3" time="0.003" /><testcase classname="tests.test_llm_initialize" name="test_initialize_llm_model_4" time="0.004" /><testcase classname="tests.test_llm_initialize" name="test_initialize_llm_default" time="0.004" /><testcase classname="tests.test_llm_initialize" name="test_initialize_llm_raises" time="0.003" /><testcase classname="tests.test_logger" name="test_cleanup_old_logs" time="0.005" /><testcase classname="tests.test_logger" name="test_periodic_cleanup_runs_once" time="2.006" /><testcase classname="tests.test_logger" name="test_cleanup_handles_non_files" time="0.006" /><testcase classname="tests.test_prompts" name="test_router_is_chatprompttemplate" time="0.002" /><testcase classname="tests.test_prompts" name="test_router_formatting_user_request" time="0.002" /><testcase classname="tests.test_prompts" name="test_effort_analysis_prompt_formatting" time="0.002" /><testcase classname="tests.test_prompts" name="test_effort_analysis_prompt2_formatting" time="0.001" /><testcase classname="tests.test_prompts" name="test_input_variables[template0-fields0]" time="0.002" /><testcase classname="tests.test_prompts" name="test_input_variables[template1-fields1]" time="0.002" /><testcase classname="tests.test_prompts" name="test_input_variables[template2-fields2]" time="0.002" /></testsuite></testsuites>