<?xml version="1.0" encoding="utf-8"?><testsuites name="pytest tests"><testsuite name="pytest" errors="0" failures="0" skipped="0" tests="0" time="0.020" timestamp="2025-09-03T09:34:39.008060+05:30" hostname="imabul" /></testsuites>